<?xml version="1.0" encoding="UTF-8"?>
<!-- Generated by org.testng.reporters.JUnitReportReporter -->
<testsuite hostname="DESKTOP-KPHMMFU" failures="0" tests="1" name="com.inetbankingV1.testcases.TC01_LoginTest" time="7.602" errors="0" timestamp="24 Apr 2022 02:52:07 GMT" skipped="0">
  <testcase classname="com.inetbankingV1.testcases.TC01_LoginTest" name="LoginTest" time="7.602"/>
</testsuite> <!-- com.inetbankingV1.testcases.TC01_LoginTest -->
